<?xml version="1.0" encoding="UTF-8"?>
<!-- Generated by org.testng.reporters.JUnitXMLReporter -->
<testsuite hostname="DESKTOP-8SUO2MV" ignored="1" name="Default test" tests="2" failures="0" timestamp="2023-07-31T17:45:39 IST" time="13.545" errors="0">
  <testcase name="implicitewaittest" time="7.438" classname="practice.DragandDropselenium"/>
  <testcase name="dragdown" time="6.061" classname="practice.DragandDropselenium"/>
  <testcase name="test" time="0.0" classname="practice.DragandDropselenium">
    <ignored/>
  </testcase> <!-- test -->
</testsuite> <!-- Default test -->
