<?xml version="1.0" encoding="UTF-8"?>
<!-- Generated by org.testng.reporters.JUnitXMLReporter -->
<testsuite hostname="DESKTOP-8SUO2MV" ignored="8" name="Default test" tests="1" failures="0" timestamp="2023-08-23T15:42:53 IST" time="12.595" errors="0">
  <testcase name="verify_google" time="12.552" classname="testcases.TestingClass"/>
  <testcase name="verify" time="0.0" classname="testcases.TestingClass">
    <ignored/>
  </testcase> <!-- verify -->
  <testcase name="verify_Servicelisting" time="0.0" classname="testcases.TestingClass">
    <ignored/>
  </testcase> <!-- verify_Servicelisting -->
  <testcase name="arrayListTest" time="0.0" classname="testcases.TestingClass">
    <ignored/>
  </testcase> <!-- arrayListTest -->
  <testcase name="arraytest" time="0.0" classname="testcases.TestingClass">
    <ignored/>
  </testcase> <!-- arraytest -->
  <testcase name="nestedif" time="0.0" classname="testcases.TestingClass">
    <ignored/>
  </testcase> <!-- nestedif -->
  <testcase name="testifelse" time="0.0" classname="testcases.TestingClass">
    <ignored/>
  </testcase> <!-- testifelse -->
  <testcase name="hashmaptestMostIMP" time="0.0" classname="testcases.TestingClass">
    <ignored/>
  </testcase> <!-- hashmaptestMostIMP -->
  <testcase name="gratertest" time="0.0" classname="testcases.TestingClass">
    <ignored/>
  </testcase> <!-- gratertest -->
</testsuite> <!-- Default test -->
