<?xml version="1.0" encoding="UTF-8"?>
<!-- Generated by org.testng.reporters.JUnitXMLReporter -->
<testsuite hostname="DESKTOP-8SUO2MV" ignored="0" name="ChromeTest" tests="6" failures="0" timestamp="2023-07-17T11:11:27 IST" time="45.963" errors="0">
  <testcase name="verify_ValidloginTest" time="5.852" classname="testcases.LoginPageTest"/>
  <testcase name="Verify_goodfirmsImageTest" time="0.041" classname="testcases.LoginPageTest"/>
  <testcase name="verify_ValidSigninClickTest" time="0.944" classname="testcases.LoginPageTest"/>
  <testcase name="Verify_loginPageTitleTest" time="0.011" classname="testcases.LoginPageTest"/>
  <testcase name="verify_BlankCheckTest" time="7.277" classname="testcases.LoginPageTest"/>
  <testcase name="Verify_InvalidloginTest" time="8.237" classname="testcases.LoginPageTest"/>
</testsuite> <!-- ChromeTest -->
