<?xml version="1.0" encoding="UTF-8"?>
<!-- Generated by org.testng.reporters.JUnitXMLReporter -->
<testsuite hostname="DESKTOP-8SUO2MV" ignored="0" name="FirefoxTest" tests="6" failures="0" timestamp="2023-07-17T11:10:41 IST" time="56.185" errors="0">
  <testcase name="verify_ValidloginTest" time="5.852" classname="testcases.LoginPageTest"/>
  <testcase name="Verify_goodfirmsImageTest" time="0.044" classname="testcases.LoginPageTest"/>
  <testcase name="verify_ValidSigninClickTest" time="1.03" classname="testcases.LoginPageTest"/>
  <testcase name="Verify_loginPageTitleTest" time="0.012" classname="testcases.LoginPageTest"/>
  <testcase name="verify_BlankCheckTest" time="7.278" classname="testcases.LoginPageTest"/>
  <testcase name="Verify_InvalidloginTest" time="8.551" classname="testcases.LoginPageTest"/>
</testsuite> <!-- FirefoxTest -->
