<?xml version="1.0" encoding="UTF-8"?>
<!-- Generated by org.testng.reporters.JUnitXMLReporter -->
<testsuite hostname="DESKTOP-8SUO2MV" ignored="0" name="FirefoxTest" tests="6" failures="0" timestamp="2023-08-21T14:59:42 IST" time="8.753" errors="0">
  <testcase name="@BeforeMethod setup" time="8.644" classname="testcases.LoginPageTest">
    <failure type="java.lang.NullPointerException">
      <![CDATA[java.lang.NullPointerException
at Base.BaseTest2.initialization(BaseTest2.java:75)
at testcases.LoginPageTest.setup(LoginPageTest.java:32)
at java.util.ArrayList.forEach(Unknown Source)
... Removed 31 stack frames]]>
    </failure>
  </testcase> <!-- @BeforeMethod setup -->
  <testcase name="@AfterMethod TearDown" time="-1.692610182835E9" classname="testcases.LoginPageTest">
    <skipped/>
  </testcase> <!-- @AfterMethod TearDown -->
  <testcase name="@BeforeMethod setup" time="-1.692610182843E9" classname="testcases.LoginPageTest">
    <skipped/>
  </testcase> <!-- @BeforeMethod setup -->
  <testcase name="@AfterMethod TearDown" time="-1.692610182847E9" classname="testcases.LoginPageTest">
    <skipped/>
  </testcase> <!-- @AfterMethod TearDown -->
  <testcase name="@BeforeMethod setup" time="-1.692610182849E9" classname="testcases.LoginPageTest">
    <skipped/>
  </testcase> <!-- @BeforeMethod setup -->
  <testcase name="@AfterMethod TearDown" time="-1.692610182855E9" classname="testcases.LoginPageTest">
    <skipped/>
  </testcase> <!-- @AfterMethod TearDown -->
  <testcase name="@BeforeMethod setup" time="-1.692610182857E9" classname="testcases.LoginPageTest">
    <skipped/>
  </testcase> <!-- @BeforeMethod setup -->
  <testcase name="@AfterMethod TearDown" time="-1.69261018286E9" classname="testcases.LoginPageTest">
    <skipped/>
  </testcase> <!-- @AfterMethod TearDown -->
  <testcase name="@BeforeMethod setup" time="-1.692610182861E9" classname="testcases.LoginPageTest">
    <skipped/>
  </testcase> <!-- @BeforeMethod setup -->
  <testcase name="@AfterMethod TearDown" time="-1.692610182867E9" classname="testcases.LoginPageTest">
    <skipped/>
  </testcase> <!-- @AfterMethod TearDown -->
  <testcase name="@BeforeMethod setup" time="-1.69261018287E9" classname="testcases.LoginPageTest">
    <skipped/>
  </testcase> <!-- @BeforeMethod setup -->
  <testcase name="@AfterMethod TearDown" time="-1.692610182873E9" classname="testcases.LoginPageTest">
    <skipped/>
  </testcase> <!-- @AfterMethod TearDown -->
  <testcase name="verify_ValidloginTest" time="0.0" classname="testcases.LoginPageTest">
    <skipped/>
  </testcase> <!-- verify_ValidloginTest -->
  <testcase name="Verify_goodfirmsImageTest" time="0.0" classname="testcases.LoginPageTest">
    <skipped/>
  </testcase> <!-- Verify_goodfirmsImageTest -->
  <testcase name="verify_ValidSigninClickTest" time="0.0" classname="testcases.LoginPageTest">
    <skipped/>
  </testcase> <!-- verify_ValidSigninClickTest -->
  <testcase name="Verify_loginPageTitleTest" time="0.0" classname="testcases.LoginPageTest">
    <skipped/>
  </testcase> <!-- Verify_loginPageTitleTest -->
  <testcase name="verify_BlankCheckTest" time="0.0" classname="testcases.LoginPageTest">
    <skipped/>
  </testcase> <!-- verify_BlankCheckTest -->
  <testcase name="Verify_InvalidloginTest" time="0.0" classname="testcases.LoginPageTest">
    <skipped/>
  </testcase> <!-- Verify_InvalidloginTest -->
</testsuite> <!-- FirefoxTest -->
