<?xml version="1.0" encoding="UTF-8"?>
<!-- Generated by org.testng.reporters.JUnitXMLReporter -->
<testsuite hostname="DESKTOP-8SUO2MV" ignored="0" name="MicrosoftEdgeTest" tests="6" failures="0" timestamp="2023-08-21T14:59:52 IST" time="4.598" errors="0">
  <testcase name="@BeforeMethod setup" time="4.523" classname="testcases.LoginPageTest">
    <failure type="java.lang.NullPointerException">
      <![CDATA[java.lang.NullPointerException
at Base.BaseTest2.initialization(BaseTest2.java:75)
at testcases.LoginPageTest.setup(LoginPageTest.java:32)
at java.util.ArrayList.forEach(Unknown Source)
... Removed 31 stack frames]]>
    </failure>
  </testcase> <!-- @BeforeMethod setup -->
  <testcase name="@AfterMethod TearDown" time="-1.69261019216E9" classname="testcases.LoginPageTest">
    <skipped/>
  </testcase> <!-- @AfterMethod TearDown -->
  <testcase name="@BeforeMethod setup" time="-1.692610192163E9" classname="testcases.LoginPageTest">
    <skipped/>
  </testcase> <!-- @BeforeMethod setup -->
  <testcase name="@AfterMethod TearDown" time="-1.692610192166E9" classname="testcases.LoginPageTest">
    <skipped/>
  </testcase> <!-- @AfterMethod TearDown -->
  <testcase name="@BeforeMethod setup" time="-1.692610192175E9" classname="testcases.LoginPageTest">
    <skipped/>
  </testcase> <!-- @BeforeMethod setup -->
  <testcase name="@AfterMethod TearDown" time="-1.692610192178E9" classname="testcases.LoginPageTest">
    <skipped/>
  </testcase> <!-- @AfterMethod TearDown -->
  <testcase name="@BeforeMethod setup" time="-1.69261019218E9" classname="testcases.LoginPageTest">
    <skipped/>
  </testcase> <!-- @BeforeMethod setup -->
  <testcase name="@AfterMethod TearDown" time="-1.692610192182E9" classname="testcases.LoginPageTest">
    <skipped/>
  </testcase> <!-- @AfterMethod TearDown -->
  <testcase name="@BeforeMethod setup" time="-1.692610192183E9" classname="testcases.LoginPageTest">
    <skipped/>
  </testcase> <!-- @BeforeMethod setup -->
  <testcase name="@AfterMethod TearDown" time="-1.69261019219E9" classname="testcases.LoginPageTest">
    <skipped/>
  </testcase> <!-- @AfterMethod TearDown -->
  <testcase name="@BeforeMethod setup" time="-1.692610192193E9" classname="testcases.LoginPageTest">
    <skipped/>
  </testcase> <!-- @BeforeMethod setup -->
  <testcase name="@AfterMethod TearDown" time="-1.692610192196E9" classname="testcases.LoginPageTest">
    <skipped/>
  </testcase> <!-- @AfterMethod TearDown -->
  <testcase name="verify_ValidloginTest" time="0.0" classname="testcases.LoginPageTest">
    <skipped/>
  </testcase> <!-- verify_ValidloginTest -->
  <testcase name="Verify_goodfirmsImageTest" time="0.0" classname="testcases.LoginPageTest">
    <skipped/>
  </testcase> <!-- Verify_goodfirmsImageTest -->
  <testcase name="verify_ValidSigninClickTest" time="0.0" classname="testcases.LoginPageTest">
    <skipped/>
  </testcase> <!-- verify_ValidSigninClickTest -->
  <testcase name="Verify_loginPageTitleTest" time="0.0" classname="testcases.LoginPageTest">
    <skipped/>
  </testcase> <!-- Verify_loginPageTitleTest -->
  <testcase name="verify_BlankCheckTest" time="0.0" classname="testcases.LoginPageTest">
    <skipped/>
  </testcase> <!-- verify_BlankCheckTest -->
  <testcase name="Verify_InvalidloginTest" time="0.0" classname="testcases.LoginPageTest">
    <skipped/>
  </testcase> <!-- Verify_InvalidloginTest -->
</testsuite> <!-- MicrosoftEdgeTest -->
