<?xml version="1.0" encoding="UTF-8"?>
<!-- Generated by org.testng.reporters.JUnitXMLReporter -->
<testsuite hostname="DESKTOP-8SUO2MV" ignored="0" name="MicrosoftEdgeTest" tests="6" failures="0" timestamp="2023-07-17T11:12:12 IST" time="45.563" errors="0">
  <testcase name="verify_ValidloginTest" time="5.757" classname="testcases.LoginPageTest"/>
  <testcase name="Verify_goodfirmsImageTest" time="0.061" classname="testcases.LoginPageTest"/>
  <testcase name="verify_ValidSigninClickTest" time="0.968" classname="testcases.LoginPageTest"/>
  <testcase name="Verify_loginPageTitleTest" time="0.01" classname="testcases.LoginPageTest"/>
  <testcase name="verify_BlankCheckTest" time="7.322" classname="testcases.LoginPageTest"/>
  <testcase name="Verify_InvalidloginTest" time="8.36" classname="testcases.LoginPageTest"/>
</testsuite> <!-- MicrosoftEdgeTest -->
