<?xml version="1.0" encoding="UTF-8"?>
<!-- Generated by org.testng.reporters.JUnitXMLReporter -->
<testsuite hostname="DESKTOP-8SUO2MV" ignored="3" name="SanityTesting Firefox" tests="1" failures="0" timestamp="2023-06-13T13:44:50 IST" time="23.457" errors="0">
  <testcase name="verify_Blank_doLogin" time="1.888" classname="com.mytests.LoginTestA"/>
  <testcase name="verifyLoginTest" time="0.0" classname="com.mytests.LoginTestA">
    <ignored/>
  </testcase> <!-- verifyLoginTest -->
  <testcase name="verifyLoginPageTitleTest" time="0.0" classname="com.mytests.LoginTestA">
    <ignored/>
  </testcase> <!-- verifyLoginPageTitleTest -->
  <testcase name="verifyLoginPageHeaderTest" time="0.0" classname="com.mytests.LoginTestA">
    <ignored/>
  </testcase> <!-- verifyLoginPageHeaderTest -->
</testsuite> <!-- SanityTesting Firefox -->
