<?xml version="1.0" encoding="UTF-8"?>
<!-- Generated by org.testng.reporters.JUnitXMLReporter -->
<testsuite hostname="DESKTOP-8SUO2MV" ignored="8" name="SanityTesting" tests="28" failures="5" timestamp="2023-05-31T18:12:32 IST" time="304.543" errors="0">
  <testcase name="@BeforeMethod load" time="11.608" classname="testcases.BrokenLinksPageTest">
    <failure type="org.openqa.selenium.ElementClickInterceptedException" message="element click intercepted: Element &amp;lt;button type=&amp;quot;submit&amp;quot; class=&amp;quot;submit-btn register-btn&amp;quot;&amp;gt;...&amp;lt;/button&amp;gt; is not clickable at point (791, 676). Other element would receive the click: &amp;lt;iframe title=&amp;quot;recaptcha challenge expires in two minutes&amp;quot; src=&amp;quot;https://www.google.com/recaptcha/api2/bframe?hl=en&amp;amp;amp;v=CDFvp7CXAHw7k3HxO47Gm1O9&amp;amp;amp;k=6Lfi8nYUAAAAAFABusxKihqLxp3Ms9PoPQ8z6Qlo&amp;quot; name=&amp;quot;c-34cnozv0623l&amp;quot; frameborder=&amp;quot;0&amp;quot; scrolling=&amp;quot;no&amp;quot; sandbox=&amp;quot;allow-forms allow-popups allow-same-origin allow-scripts allow-top-navigation allow-modals allow-popups-to-escape-sandbox&amp;quot; style=&amp;quot;width: 400px; height: 580px;&amp;quot;&amp;gt;&amp;lt;/iframe&amp;gt;
  (Session info: chrome=113.0.5672.127)
Build info: version: &amp;apos;4.9.1&amp;apos;, revision: &amp;apos;eb2032df7f&amp;apos;
System info: os.name: &amp;apos;Windows 10&amp;apos;, os.arch: &amp;apos;amd64&amp;apos;, os.version: &amp;apos;10.0&amp;apos;, java.version: &amp;apos;1.8.0_361&amp;apos;
Driver info: org.openqa.selenium.chrome.ChromeDriver
Command: [11d8b1fb7854cbed8bb4226de891c7af, clickElement {id=EF200C221813930F7CCA1F5646122730_element_40}]
Capabilities {acceptInsecureCerts: false, browserName: chrome, browserVersion: 113.0.5672.127, chrome: {chromedriverVersion: 113.0.5672.63 (0e1a4471d5ae..., userDataDir: C:\Users\Rashmi\AppData\Loc...}, goog:chromeOptions: {debuggerAddress: localhost:56680}, networkConnectionEnabled: false, pageLoadStrategy: normal, platformName: windows, proxy: Proxy(), se:cdp: ws://localhost:56680/devtoo..., se:cdpVersion: 113.0.5672.127, setWindowRect: true, strictFileInteractability: false, timeouts: {implicit: 0, pageLoad: 300000, script: 30000}, unhandledPromptBehavior: dismiss and notify, webauthn:extension:credBlob: true, webauthn:extension:largeBlob: true, webauthn:extension:minPinLength: true, webauthn:extension:prf: true, webauthn:virtualAuthenticators: true}
Element: [[ChromeDriver: chrome on windows (11d8b1fb7854cbed8bb4226de891c7af)] -&amp;gt; css selector: #login &amp;gt; div.form-group.clearfix &amp;gt; button]
Session ID: 11d8b1fb7854cbed8bb4226de891c7af">
      <![CDATA[org.openqa.selenium.ElementClickInterceptedException: element click intercepted: Element <button type="submit" class="submit-btn register-btn">...</button> is not clickable at point (791, 676). Other element would receive the click: <iframe title="recaptcha challenge expires in two minutes" src="https://www.google.com/recaptcha/api2/bframe?hl=en&amp;v=CDFvp7CXAHw7k3HxO47Gm1O9&amp;k=6Lfi8nYUAAAAAFABusxKihqLxp3Ms9PoPQ8z6Qlo" name="c-34cnozv0623l" frameborder="0" scrolling="no" sandbox="allow-forms allow-popups allow-same-origin allow-scripts allow-top-navigation allow-modals allow-popups-to-escape-sandbox" style="width: 400px; height: 580px;"></iframe>
  (Session info: chrome=113.0.5672.127)
Build info: version: '4.9.1', revision: 'eb2032df7f'
System info: os.name: 'Windows 10', os.arch: 'amd64', os.version: '10.0', java.version: '1.8.0_361'
Driver info: org.openqa.selenium.chrome.ChromeDriver
Command: [11d8b1fb7854cbed8bb4226de891c7af, clickElement {id=EF200C221813930F7CCA1F5646122730_element_40}]
Capabilities {acceptInsecureCerts: false, browserName: chrome, browserVersion: 113.0.5672.127, chrome: {chromedriverVersion: 113.0.5672.63 (0e1a4471d5ae..., userDataDir: C:\Users\Rashmi\AppData\Loc...}, goog:chromeOptions: {debuggerAddress: localhost:56680}, networkConnectionEnabled: false, pageLoadStrategy: normal, platformName: windows, proxy: Proxy(), se:cdp: ws://localhost:56680/devtoo..., se:cdpVersion: 113.0.5672.127, setWindowRect: true, strictFileInteractability: false, timeouts: {implicit: 0, pageLoad: 300000, script: 30000}, unhandledPromptBehavior: dismiss and notify, webauthn:extension:credBlob: true, webauthn:extension:largeBlob: true, webauthn:extension:minPinLength: true, webauthn:extension:prf: true, webauthn:virtualAuthenticators: true}
Element: [[ChromeDriver: chrome on windows (11d8b1fb7854cbed8bb4226de891c7af)] -> css selector: #login > div.form-group.clearfix > button]
Session ID: 11d8b1fb7854cbed8bb4226de891c7af
at org.openqa.selenium.remote.codec.w3c.W3CHttpResponseCodec.createException(W3CHttpResponseCodec.java:200)
at org.openqa.selenium.remote.codec.w3c.W3CHttpResponseCodec.decode(W3CHttpResponseCodec.java:133)
at org.openqa.selenium.remote.codec.w3c.W3CHttpResponseCodec.decode(W3CHttpResponseCodec.java:53)
at org.openqa.selenium.remote.HttpCommandExecutor.execute(HttpCommandExecutor.java:193)
at org.openqa.selenium.remote.service.DriverCommandExecutor.invokeExecute(DriverCommandExecutor.java:183)
at org.openqa.selenium.remote.service.DriverCommandExecutor.execute(DriverCommandExecutor.java:158)
at org.openqa.selenium.remote.RemoteWebDriver.execute(RemoteWebDriver.java:543)
at org.openqa.selenium.remote.RemoteWebElement.execute(RemoteWebElement.java:257)
at org.openqa.selenium.remote.RemoteWebElement.click(RemoteWebElement.java:78)
at org.openqa.selenium.support.pagefactory.internal.LocatingElementHandler.invoke(LocatingElementHandler.java:52)
at com.sun.proxy.$Proxy28.click(Unknown Source)
at pageobjects.LoginPage.login(LoginPage.java:109)
at testcases.BrokenLinksPageTest.load(BrokenLinksPageTest.java:37)
at java.util.ArrayList.forEach(Unknown Source)
... Removed 38 stack frames]]>
    </failure>
  </testcase> <!-- @BeforeMethod load -->
  <testcase name="@AfterMethod TearDown" time="-1.685536899302E9" classname="testcases.BrokenLinksPageTest">
    <skipped/>
  </testcase> <!-- @AfterMethod TearDown -->
  <testcase name="verify_searchIconPresent" time="0.055" classname="testcases.TopSearchPageTest"/>
  <testcase name="verify_BlankTopSearch" time="3.703" classname="testcases.TopSearchPageTest"/>
  <testcase name="verify_InvalidTopSearch" time="5.953" classname="testcases.TopSearchPageTest"/>
  <testcase name="verify_TopSearch" time="7.988" classname="testcases.TopSearchPageTest"/>
  <testcase name="verify_cursorEnabledinsearchbox" time="0.035" classname="testcases.TopSearchPageTest"/>
  <testcase name="verify_LoaderdisplaySearch" time="6.066" classname="testcases.TopSearchPageTest"/>
  <testcase name="verify_validateSuggessionSearch" time="7.752" classname="testcases.TopSearchPageTest"/>
  <testcase name="verify_validateSearchBoxonTop" time="0.039" classname="testcases.TopSearchPageTest"/>
  <testcase name="verify_valiateskipsearch" time="0.003" classname="testcases.TopSearchPageTest">
    <skipped/>
  </testcase> <!-- verify_valiateskipsearch -->
  <testcase name="verify_NegativeTcs" time="0.002" classname="testcases.TopSearchPageTest">
    <failure type="java.lang.AssertionError" message="expected [test2] but found [test]">
      <![CDATA[java.lang.AssertionError: expected [test2] but found [test]
at testcases.TopSearchPageTest.verify_NegativeTcs(TopSearchPageTest.java:114)
at java.util.ArrayList.forEach(Unknown Source)
... Removed 33 stack frames]]>
    </failure>
  </testcase> <!-- verify_NegativeTcs -->
  <testcase name="verify_NoResultFoundSerchPopup" time="7.252" classname="testcases.TopSearchPageTest"/>
  <testcase name="verifysoftwareMenuTest" time="5.761" classname="testcases.FindSoftwareCategoryPage"/>
  <testcase name="verifySoftwarePageTitleTest" time="1.672" classname="testcases.FindSoftwareCategoryPage"/>
  <testcase name="verifySORTBySoftwareTest" time="9.528" classname="testcases.FindSoftwareCategoryPage"/>
  <testcase name="verifySoftCategoryPaginationTest" time="16.846" classname="testcases.FindSoftwareCategoryPage"/>
  <testcase name="verifySoftwareRelatedCategoryTest" time="19.723" classname="testcases.FindSoftwareCategoryPage"/>
  <testcase name="verify_copyrightTest" time="0.055" classname="testcases.VerifyFooterLinksclick"/>
  <testcase name="footerlinks_aboutTest" time="27.277" classname="testcases.VerifyFooterLinksclick"/>
  <testcase name="Verify_BlogPage" time="0.815" classname="testcases.BlogPageTest"/>
  <testcase name="verify_servicemenu" time="6.302" classname="testcases.ServiceMenuPageTest"/>
  <testcase name="Verify_Listofportfolio" time="6.765" classname="testcases.ViewPortfolioListTest">
    <failure type="org.openqa.selenium.ElementClickInterceptedException" message="element click intercepted: Element &amp;lt;button type=&amp;quot;submit&amp;quot; class=&amp;quot;submit-btn register-btn&amp;quot;&amp;gt;...&amp;lt;/button&amp;gt; is not clickable at point (791, 676). Other element would receive the click: &amp;lt;iframe title=&amp;quot;recaptcha challenge expires in two minutes&amp;quot; src=&amp;quot;https://www.google.com/recaptcha/api2/bframe?hl=en&amp;amp;amp;v=CDFvp7CXAHw7k3HxO47Gm1O9&amp;amp;amp;k=6Lfi8nYUAAAAAFABusxKihqLxp3Ms9PoPQ8z6Qlo&amp;quot; name=&amp;quot;c-gs6jc9947kyf&amp;quot; frameborder=&amp;quot;0&amp;quot; scrolling=&amp;quot;no&amp;quot; sandbox=&amp;quot;allow-forms allow-popups allow-same-origin allow-scripts allow-top-navigation allow-modals allow-popups-to-escape-sandbox&amp;quot; style=&amp;quot;width: 400px; height: 580px;&amp;quot;&amp;gt;&amp;lt;/iframe&amp;gt;
  (Session info: chrome=113.0.5672.127)
Build info: version: &amp;apos;4.9.1&amp;apos;, revision: &amp;apos;eb2032df7f&amp;apos;
System info: os.name: &amp;apos;Windows 10&amp;apos;, os.arch: &amp;apos;amd64&amp;apos;, os.version: &amp;apos;10.0&amp;apos;, java.version: &amp;apos;1.8.0_361&amp;apos;
Driver info: org.openqa.selenium.chrome.ChromeDriver
Command: [d4c9682b0c2bb04ef08364c7eb938190, clickElement {id=9ECCB1953F4F6077AB9E412DEA53CDB5_element_41}]
Capabilities {acceptInsecureCerts: false, browserName: chrome, browserVersion: 113.0.5672.127, chrome: {chromedriverVersion: 113.0.5672.63 (0e1a4471d5ae..., userDataDir: C:\Users\Rashmi\AppData\Loc...}, goog:chromeOptions: {debuggerAddress: localhost:56607}, networkConnectionEnabled: false, pageLoadStrategy: normal, platformName: windows, proxy: Proxy(), se:cdp: ws://localhost:56607/devtoo..., se:cdpVersion: 113.0.5672.127, setWindowRect: true, strictFileInteractability: false, timeouts: {implicit: 0, pageLoad: 300000, script: 30000}, unhandledPromptBehavior: dismiss and notify, webauthn:extension:credBlob: true, webauthn:extension:largeBlob: true, webauthn:extension:minPinLength: true, webauthn:extension:prf: true, webauthn:virtualAuthenticators: true}
Element: [[ChromeDriver: chrome on windows (d4c9682b0c2bb04ef08364c7eb938190)] -&amp;gt; css selector: #login &amp;gt; div.form-group.clearfix &amp;gt; button]
Session ID: d4c9682b0c2bb04ef08364c7eb938190">
      <![CDATA[org.openqa.selenium.ElementClickInterceptedException: element click intercepted: Element <button type="submit" class="submit-btn register-btn">...</button> is not clickable at point (791, 676). Other element would receive the click: <iframe title="recaptcha challenge expires in two minutes" src="https://www.google.com/recaptcha/api2/bframe?hl=en&amp;v=CDFvp7CXAHw7k3HxO47Gm1O9&amp;k=6Lfi8nYUAAAAAFABusxKihqLxp3Ms9PoPQ8z6Qlo" name="c-gs6jc9947kyf" frameborder="0" scrolling="no" sandbox="allow-forms allow-popups allow-same-origin allow-scripts allow-top-navigation allow-modals allow-popups-to-escape-sandbox" style="width: 400px; height: 580px;"></iframe>
  (Session info: chrome=113.0.5672.127)
Build info: version: '4.9.1', revision: 'eb2032df7f'
System info: os.name: 'Windows 10', os.arch: 'amd64', os.version: '10.0', java.version: '1.8.0_361'
Driver info: org.openqa.selenium.chrome.ChromeDriver
Command: [d4c9682b0c2bb04ef08364c7eb938190, clickElement {id=9ECCB1953F4F6077AB9E412DEA53CDB5_element_41}]
Capabilities {acceptInsecureCerts: false, browserName: chrome, browserVersion: 113.0.5672.127, chrome: {chromedriverVersion: 113.0.5672.63 (0e1a4471d5ae..., userDataDir: C:\Users\Rashmi\AppData\Loc...}, goog:chromeOptions: {debuggerAddress: localhost:56607}, networkConnectionEnabled: false, pageLoadStrategy: normal, platformName: windows, proxy: Proxy(), se:cdp: ws://localhost:56607/devtoo..., se:cdpVersion: 113.0.5672.127, setWindowRect: true, strictFileInteractability: false, timeouts: {implicit: 0, pageLoad: 300000, script: 30000}, unhandledPromptBehavior: dismiss and notify, webauthn:extension:credBlob: true, webauthn:extension:largeBlob: true, webauthn:extension:minPinLength: true, webauthn:extension:prf: true, webauthn:virtualAuthenticators: true}
Element: [[ChromeDriver: chrome on windows (d4c9682b0c2bb04ef08364c7eb938190)] -> css selector: #login > div.form-group.clearfix > button]
Session ID: d4c9682b0c2bb04ef08364c7eb938190
at org.openqa.selenium.remote.codec.w3c.W3CHttpResponseCodec.createException(W3CHttpResponseCodec.java:200)
at org.openqa.selenium.remote.codec.w3c.W3CHttpResponseCodec.decode(W3CHttpResponseCodec.java:133)
at org.openqa.selenium.remote.codec.w3c.W3CHttpResponseCodec.decode(W3CHttpResponseCodec.java:53)
at org.openqa.selenium.remote.HttpCommandExecutor.execute(HttpCommandExecutor.java:193)
at org.openqa.selenium.remote.service.DriverCommandExecutor.invokeExecute(DriverCommandExecutor.java:183)
at org.openqa.selenium.remote.service.DriverCommandExecutor.execute(DriverCommandExecutor.java:158)
at org.openqa.selenium.remote.RemoteWebDriver.execute(RemoteWebDriver.java:543)
at org.openqa.selenium.remote.RemoteWebElement.execute(RemoteWebElement.java:257)
at org.openqa.selenium.remote.RemoteWebElement.click(RemoteWebElement.java:78)
at org.openqa.selenium.support.pagefactory.internal.LocatingElementHandler.invoke(LocatingElementHandler.java:52)
at com.sun.proxy.$Proxy28.click(Unknown Source)
at pageobjects.LoginPage.login(LoginPage.java:109)
at testcases.ViewPortfolioListTest.Verify_Listofportfolio(ViewPortfolioListTest.java:78)
at java.util.ArrayList.forEach(Unknown Source)
... Removed 34 stack frames]]>
    </failure>
  </testcase> <!-- Verify_Listofportfolio -->
  <testcase name="Verify_BrokenLinks" time="0.0" classname="testcases.BrokenLinksPageTest">
    <skipped/>
  </testcase> <!-- Verify_BrokenLinks -->
  <testcase name="Verify_loginTest" time="6.832" classname="testcases.LoginPageTest">
    <failure type="org.openqa.selenium.ElementClickInterceptedException" message="element click intercepted: Element &amp;lt;button type=&amp;quot;submit&amp;quot; class=&amp;quot;submit-btn register-btn&amp;quot;&amp;gt;...&amp;lt;/button&amp;gt; is not clickable at point (791, 676). Other element would receive the click: &amp;lt;iframe title=&amp;quot;recaptcha challenge expires in two minutes&amp;quot; src=&amp;quot;https://www.google.com/recaptcha/api2/bframe?hl=en&amp;amp;amp;v=CDFvp7CXAHw7k3HxO47Gm1O9&amp;amp;amp;k=6Lfi8nYUAAAAAFABusxKihqLxp3Ms9PoPQ8z6Qlo&amp;quot; name=&amp;quot;c-fdxoziapl2ip&amp;quot; frameborder=&amp;quot;0&amp;quot; scrolling=&amp;quot;no&amp;quot; sandbox=&amp;quot;allow-forms allow-popups allow-same-origin allow-scripts allow-top-navigation allow-modals allow-popups-to-escape-sandbox&amp;quot; style=&amp;quot;width: 400px; height: 580px;&amp;quot;&amp;gt;&amp;lt;/iframe&amp;gt;
  (Session info: chrome=113.0.5672.127)
Build info: version: &amp;apos;4.9.1&amp;apos;, revision: &amp;apos;eb2032df7f&amp;apos;
System info: os.name: &amp;apos;Windows 10&amp;apos;, os.arch: &amp;apos;amd64&amp;apos;, os.version: &amp;apos;10.0&amp;apos;, java.version: &amp;apos;1.8.0_361&amp;apos;
Driver info: org.openqa.selenium.chrome.ChromeDriver
Command: [873efbf3d58ebd91104ca83d90c8bfdd, clickElement {id=7D24AD71568C3AB8A36237643FC6C077_element_40}]
Capabilities {acceptInsecureCerts: false, browserName: chrome, browserVersion: 113.0.5672.127, chrome: {chromedriverVersion: 113.0.5672.63 (0e1a4471d5ae..., userDataDir: C:\Users\Rashmi\AppData\Loc...}, goog:chromeOptions: {debuggerAddress: localhost:56771}, networkConnectionEnabled: false, pageLoadStrategy: normal, platformName: windows, proxy: Proxy(), se:cdp: ws://localhost:56771/devtoo..., se:cdpVersion: 113.0.5672.127, setWindowRect: true, strictFileInteractability: false, timeouts: {implicit: 0, pageLoad: 300000, script: 30000}, unhandledPromptBehavior: dismiss and notify, webauthn:extension:credBlob: true, webauthn:extension:largeBlob: true, webauthn:extension:minPinLength: true, webauthn:extension:prf: true, webauthn:virtualAuthenticators: true}
Element: [[ChromeDriver: chrome on windows (873efbf3d58ebd91104ca83d90c8bfdd)] -&amp;gt; css selector: #login &amp;gt; div.form-group.clearfix &amp;gt; button]
Session ID: 873efbf3d58ebd91104ca83d90c8bfdd">
      <![CDATA[org.openqa.selenium.ElementClickInterceptedException: element click intercepted: Element <button type="submit" class="submit-btn register-btn">...</button> is not clickable at point (791, 676). Other element would receive the click: <iframe title="recaptcha challenge expires in two minutes" src="https://www.google.com/recaptcha/api2/bframe?hl=en&amp;v=CDFvp7CXAHw7k3HxO47Gm1O9&amp;k=6Lfi8nYUAAAAAFABusxKihqLxp3Ms9PoPQ8z6Qlo" name="c-fdxoziapl2ip" frameborder="0" scrolling="no" sandbox="allow-forms allow-popups allow-same-origin allow-scripts allow-top-navigation allow-modals allow-popups-to-escape-sandbox" style="width: 400px; height: 580px;"></iframe>
  (Session info: chrome=113.0.5672.127)
Build info: version: '4.9.1', revision: 'eb2032df7f'
System info: os.name: 'Windows 10', os.arch: 'amd64', os.version: '10.0', java.version: '1.8.0_361'
Driver info: org.openqa.selenium.chrome.ChromeDriver
Command: [873efbf3d58ebd91104ca83d90c8bfdd, clickElement {id=7D24AD71568C3AB8A36237643FC6C077_element_40}]
Capabilities {acceptInsecureCerts: false, browserName: chrome, browserVersion: 113.0.5672.127, chrome: {chromedriverVersion: 113.0.5672.63 (0e1a4471d5ae..., userDataDir: C:\Users\Rashmi\AppData\Loc...}, goog:chromeOptions: {debuggerAddress: localhost:56771}, networkConnectionEnabled: false, pageLoadStrategy: normal, platformName: windows, proxy: Proxy(), se:cdp: ws://localhost:56771/devtoo..., se:cdpVersion: 113.0.5672.127, setWindowRect: true, strictFileInteractability: false, timeouts: {implicit: 0, pageLoad: 300000, script: 30000}, unhandledPromptBehavior: dismiss and notify, webauthn:extension:credBlob: true, webauthn:extension:largeBlob: true, webauthn:extension:minPinLength: true, webauthn:extension:prf: true, webauthn:virtualAuthenticators: true}
Element: [[ChromeDriver: chrome on windows (873efbf3d58ebd91104ca83d90c8bfdd)] -> css selector: #login > div.form-group.clearfix > button]
Session ID: 873efbf3d58ebd91104ca83d90c8bfdd
at org.openqa.selenium.remote.codec.w3c.W3CHttpResponseCodec.createException(W3CHttpResponseCodec.java:200)
at org.openqa.selenium.remote.codec.w3c.W3CHttpResponseCodec.decode(W3CHttpResponseCodec.java:133)
at org.openqa.selenium.remote.codec.w3c.W3CHttpResponseCodec.decode(W3CHttpResponseCodec.java:53)
at org.openqa.selenium.remote.HttpCommandExecutor.execute(HttpCommandExecutor.java:193)
at org.openqa.selenium.remote.service.DriverCommandExecutor.invokeExecute(DriverCommandExecutor.java:183)
at org.openqa.selenium.remote.service.DriverCommandExecutor.execute(DriverCommandExecutor.java:158)
at org.openqa.selenium.remote.RemoteWebDriver.execute(RemoteWebDriver.java:543)
at org.openqa.selenium.remote.RemoteWebElement.execute(RemoteWebElement.java:257)
at org.openqa.selenium.remote.RemoteWebElement.click(RemoteWebElement.java:78)
at org.openqa.selenium.support.pagefactory.internal.LocatingElementHandler.invoke(LocatingElementHandler.java:52)
at com.sun.proxy.$Proxy28.click(Unknown Source)
at pageobjects.LoginPage.login(LoginPage.java:109)
at testcases.LoginPageTest.Verify_loginTest(LoginPageTest.java:73)
at java.util.ArrayList.forEach(Unknown Source)
... Removed 34 stack frames]]>
    </failure>
  </testcase> <!-- Verify_loginTest -->
  <testcase name="Verify_goodfirmsImageTest" time="0.036" classname="testcases.LoginPageTest"/>
  <testcase name="Verify_signinClick" time="2.214" classname="testcases.LoginPageTest"/>
  <testcase name="Verify_loginPageTitleTest" time="0.01" classname="testcases.LoginPageTest"/>
  <testcase name="Verify_BlankCheck" time="6.494" classname="testcases.LoginPageTest">
    <failure type="org.openqa.selenium.ElementClickInterceptedException" message="element click intercepted: Element &amp;lt;button type=&amp;quot;submit&amp;quot; class=&amp;quot;submit-btn register-btn&amp;quot;&amp;gt;...&amp;lt;/button&amp;gt; is not clickable at point (791, 676). Other element would receive the click: &amp;lt;iframe title=&amp;quot;recaptcha challenge expires in two minutes&amp;quot; src=&amp;quot;https://www.google.com/recaptcha/api2/bframe?hl=en&amp;amp;amp;v=CDFvp7CXAHw7k3HxO47Gm1O9&amp;amp;amp;k=6Lfi8nYUAAAAAFABusxKihqLxp3Ms9PoPQ8z6Qlo&amp;quot; name=&amp;quot;c-ua3wyo6tf02d&amp;quot; frameborder=&amp;quot;0&amp;quot; scrolling=&amp;quot;no&amp;quot; sandbox=&amp;quot;allow-forms allow-popups allow-same-origin allow-scripts allow-top-navigation allow-modals allow-popups-to-escape-sandbox&amp;quot; style=&amp;quot;width: 400px; height: 580px;&amp;quot;&amp;gt;&amp;lt;/iframe&amp;gt;
  (Session info: chrome=113.0.5672.127)
Build info: version: &amp;apos;4.9.1&amp;apos;, revision: &amp;apos;eb2032df7f&amp;apos;
System info: os.name: &amp;apos;Windows 10&amp;apos;, os.arch: &amp;apos;amd64&amp;apos;, os.version: &amp;apos;10.0&amp;apos;, java.version: &amp;apos;1.8.0_361&amp;apos;
Driver info: org.openqa.selenium.chrome.ChromeDriver
Command: [d5946da55d1a852b4411724df74bf471, clickElement {id=AE1D4BE133B3B5711860AE3C50CFB930_element_41}]
Capabilities {acceptInsecureCerts: false, browserName: chrome, browserVersion: 113.0.5672.127, chrome: {chromedriverVersion: 113.0.5672.63 (0e1a4471d5ae..., userDataDir: C:\Users\Rashmi\AppData\Loc...}, goog:chromeOptions: {debuggerAddress: localhost:56952}, networkConnectionEnabled: false, pageLoadStrategy: normal, platformName: windows, proxy: Proxy(), se:cdp: ws://localhost:56952/devtoo..., se:cdpVersion: 113.0.5672.127, setWindowRect: true, strictFileInteractability: false, timeouts: {implicit: 0, pageLoad: 300000, script: 30000}, unhandledPromptBehavior: dismiss and notify, webauthn:extension:credBlob: true, webauthn:extension:largeBlob: true, webauthn:extension:minPinLength: true, webauthn:extension:prf: true, webauthn:virtualAuthenticators: true}
Element: [[ChromeDriver: chrome on windows (d5946da55d1a852b4411724df74bf471)] -&amp;gt; css selector: #login &amp;gt; div.form-group.clearfix &amp;gt; button]
Session ID: d5946da55d1a852b4411724df74bf471">
      <![CDATA[org.openqa.selenium.ElementClickInterceptedException: element click intercepted: Element <button type="submit" class="submit-btn register-btn">...</button> is not clickable at point (791, 676). Other element would receive the click: <iframe title="recaptcha challenge expires in two minutes" src="https://www.google.com/recaptcha/api2/bframe?hl=en&amp;v=CDFvp7CXAHw7k3HxO47Gm1O9&amp;k=6Lfi8nYUAAAAAFABusxKihqLxp3Ms9PoPQ8z6Qlo" name="c-ua3wyo6tf02d" frameborder="0" scrolling="no" sandbox="allow-forms allow-popups allow-same-origin allow-scripts allow-top-navigation allow-modals allow-popups-to-escape-sandbox" style="width: 400px; height: 580px;"></iframe>
  (Session info: chrome=113.0.5672.127)
Build info: version: '4.9.1', revision: 'eb2032df7f'
System info: os.name: 'Windows 10', os.arch: 'amd64', os.version: '10.0', java.version: '1.8.0_361'
Driver info: org.openqa.selenium.chrome.ChromeDriver
Command: [d5946da55d1a852b4411724df74bf471, clickElement {id=AE1D4BE133B3B5711860AE3C50CFB930_element_41}]
Capabilities {acceptInsecureCerts: false, browserName: chrome, browserVersion: 113.0.5672.127, chrome: {chromedriverVersion: 113.0.5672.63 (0e1a4471d5ae..., userDataDir: C:\Users\Rashmi\AppData\Loc...}, goog:chromeOptions: {debuggerAddress: localhost:56952}, networkConnectionEnabled: false, pageLoadStrategy: normal, platformName: windows, proxy: Proxy(), se:cdp: ws://localhost:56952/devtoo..., se:cdpVersion: 113.0.5672.127, setWindowRect: true, strictFileInteractability: false, timeouts: {implicit: 0, pageLoad: 300000, script: 30000}, unhandledPromptBehavior: dismiss and notify, webauthn:extension:credBlob: true, webauthn:extension:largeBlob: true, webauthn:extension:minPinLength: true, webauthn:extension:prf: true, webauthn:virtualAuthenticators: true}
Element: [[ChromeDriver: chrome on windows (d5946da55d1a852b4411724df74bf471)] -> css selector: #login > div.form-group.clearfix > button]
Session ID: d5946da55d1a852b4411724df74bf471
at org.openqa.selenium.remote.codec.w3c.W3CHttpResponseCodec.createException(W3CHttpResponseCodec.java:200)
at org.openqa.selenium.remote.codec.w3c.W3CHttpResponseCodec.decode(W3CHttpResponseCodec.java:133)
at org.openqa.selenium.remote.codec.w3c.W3CHttpResponseCodec.decode(W3CHttpResponseCodec.java:53)
at org.openqa.selenium.remote.HttpCommandExecutor.execute(HttpCommandExecutor.java:193)
at org.openqa.selenium.remote.service.DriverCommandExecutor.invokeExecute(DriverCommandExecutor.java:183)
at org.openqa.selenium.remote.service.DriverCommandExecutor.execute(DriverCommandExecutor.java:158)
at org.openqa.selenium.remote.RemoteWebDriver.execute(RemoteWebDriver.java:543)
at org.openqa.selenium.remote.RemoteWebElement.execute(RemoteWebElement.java:257)
at org.openqa.selenium.remote.RemoteWebElement.click(RemoteWebElement.java:78)
at org.openqa.selenium.support.pagefactory.internal.LocatingElementHandler.invoke(LocatingElementHandler.java:52)
at com.sun.proxy.$Proxy28.click(Unknown Source)
at pageobjects.LoginPage.login(LoginPage.java:109)
at testcases.LoginPageTest.Verify_BlankCheck(LoginPageTest.java:91)
at java.util.ArrayList.forEach(Unknown Source)
... Removed 34 stack frames]]>
    </failure>
  </testcase> <!-- Verify_BlankCheck -->
  <testcase name="Verify_InvalidloginTest" time="6.554" classname="testcases.LoginPageTest">
    <failure type="org.openqa.selenium.ElementClickInterceptedException" message="element click intercepted: Element &amp;lt;button type=&amp;quot;submit&amp;quot; class=&amp;quot;submit-btn register-btn&amp;quot;&amp;gt;...&amp;lt;/button&amp;gt; is not clickable at point (791, 676). Other element would receive the click: &amp;lt;iframe title=&amp;quot;recaptcha challenge expires in two minutes&amp;quot; src=&amp;quot;https://www.google.com/recaptcha/api2/bframe?hl=en&amp;amp;amp;v=CDFvp7CXAHw7k3HxO47Gm1O9&amp;amp;amp;k=6Lfi8nYUAAAAAFABusxKihqLxp3Ms9PoPQ8z6Qlo&amp;quot; name=&amp;quot;c-3nmtyogrqiax&amp;quot; frameborder=&amp;quot;0&amp;quot; scrolling=&amp;quot;no&amp;quot; sandbox=&amp;quot;allow-forms allow-popups allow-same-origin allow-scripts allow-top-navigation allow-modals allow-popups-to-escape-sandbox&amp;quot; style=&amp;quot;width: 400px; height: 580px;&amp;quot;&amp;gt;&amp;lt;/iframe&amp;gt;
  (Session info: chrome=113.0.5672.127)
Build info: version: &amp;apos;4.9.1&amp;apos;, revision: &amp;apos;eb2032df7f&amp;apos;
System info: os.name: &amp;apos;Windows 10&amp;apos;, os.arch: &amp;apos;amd64&amp;apos;, os.version: &amp;apos;10.0&amp;apos;, java.version: &amp;apos;1.8.0_361&amp;apos;
Driver info: org.openqa.selenium.chrome.ChromeDriver
Command: [cd91ece77c5299b97b350f2072aab5bc, clickElement {id=76D0A6B6D2EEA7C32BF10FC51715D51D_element_38}]
Capabilities {acceptInsecureCerts: false, browserName: chrome, browserVersion: 113.0.5672.127, chrome: {chromedriverVersion: 113.0.5672.63 (0e1a4471d5ae..., userDataDir: C:\Users\Rashmi\AppData\Loc...}, goog:chromeOptions: {debuggerAddress: localhost:57063}, networkConnectionEnabled: false, pageLoadStrategy: normal, platformName: windows, proxy: Proxy(), se:cdp: ws://localhost:57063/devtoo..., se:cdpVersion: 113.0.5672.127, setWindowRect: true, strictFileInteractability: false, timeouts: {implicit: 0, pageLoad: 300000, script: 30000}, unhandledPromptBehavior: dismiss and notify, webauthn:extension:credBlob: true, webauthn:extension:largeBlob: true, webauthn:extension:minPinLength: true, webauthn:extension:prf: true, webauthn:virtualAuthenticators: true}
Element: [[ChromeDriver: chrome on windows (cd91ece77c5299b97b350f2072aab5bc)] -&amp;gt; css selector: #login &amp;gt; div.form-group.clearfix &amp;gt; button]
Session ID: cd91ece77c5299b97b350f2072aab5bc">
      <![CDATA[org.openqa.selenium.ElementClickInterceptedException: element click intercepted: Element <button type="submit" class="submit-btn register-btn">...</button> is not clickable at point (791, 676). Other element would receive the click: <iframe title="recaptcha challenge expires in two minutes" src="https://www.google.com/recaptcha/api2/bframe?hl=en&amp;v=CDFvp7CXAHw7k3HxO47Gm1O9&amp;k=6Lfi8nYUAAAAAFABusxKihqLxp3Ms9PoPQ8z6Qlo" name="c-3nmtyogrqiax" frameborder="0" scrolling="no" sandbox="allow-forms allow-popups allow-same-origin allow-scripts allow-top-navigation allow-modals allow-popups-to-escape-sandbox" style="width: 400px; height: 580px;"></iframe>
  (Session info: chrome=113.0.5672.127)
Build info: version: '4.9.1', revision: 'eb2032df7f'
System info: os.name: 'Windows 10', os.arch: 'amd64', os.version: '10.0', java.version: '1.8.0_361'
Driver info: org.openqa.selenium.chrome.ChromeDriver
Command: [cd91ece77c5299b97b350f2072aab5bc, clickElement {id=76D0A6B6D2EEA7C32BF10FC51715D51D_element_38}]
Capabilities {acceptInsecureCerts: false, browserName: chrome, browserVersion: 113.0.5672.127, chrome: {chromedriverVersion: 113.0.5672.63 (0e1a4471d5ae..., userDataDir: C:\Users\Rashmi\AppData\Loc...}, goog:chromeOptions: {debuggerAddress: localhost:57063}, networkConnectionEnabled: false, pageLoadStrategy: normal, platformName: windows, proxy: Proxy(), se:cdp: ws://localhost:57063/devtoo..., se:cdpVersion: 113.0.5672.127, setWindowRect: true, strictFileInteractability: false, timeouts: {implicit: 0, pageLoad: 300000, script: 30000}, unhandledPromptBehavior: dismiss and notify, webauthn:extension:credBlob: true, webauthn:extension:largeBlob: true, webauthn:extension:minPinLength: true, webauthn:extension:prf: true, webauthn:virtualAuthenticators: true}
Element: [[ChromeDriver: chrome on windows (cd91ece77c5299b97b350f2072aab5bc)] -> css selector: #login > div.form-group.clearfix > button]
Session ID: cd91ece77c5299b97b350f2072aab5bc
at org.openqa.selenium.remote.codec.w3c.W3CHttpResponseCodec.createException(W3CHttpResponseCodec.java:200)
at org.openqa.selenium.remote.codec.w3c.W3CHttpResponseCodec.decode(W3CHttpResponseCodec.java:133)
at org.openqa.selenium.remote.codec.w3c.W3CHttpResponseCodec.decode(W3CHttpResponseCodec.java:53)
at org.openqa.selenium.remote.HttpCommandExecutor.execute(HttpCommandExecutor.java:193)
at org.openqa.selenium.remote.service.DriverCommandExecutor.invokeExecute(DriverCommandExecutor.java:183)
at org.openqa.selenium.remote.service.DriverCommandExecutor.execute(DriverCommandExecutor.java:158)
at org.openqa.selenium.remote.RemoteWebDriver.execute(RemoteWebDriver.java:543)
at org.openqa.selenium.remote.RemoteWebElement.execute(RemoteWebElement.java:257)
at org.openqa.selenium.remote.RemoteWebElement.click(RemoteWebElement.java:78)
at org.openqa.selenium.support.pagefactory.internal.LocatingElementHandler.invoke(LocatingElementHandler.java:52)
at com.sun.proxy.$Proxy28.click(Unknown Source)
at pageobjects.LoginPage.login(LoginPage.java:109)
at testcases.LoginPageTest.Verify_InvalidloginTest(LoginPageTest.java:82)
at java.util.ArrayList.forEach(Unknown Source)
... Removed 34 stack frames]]>
    </failure>
  </testcase> <!-- Verify_InvalidloginTest -->
  <testcase name="@BeforeSuite loadconfig" time="0.0" classname="Base.BaseTest2">
    <ignored/>
  </testcase> <!-- @BeforeSuite loadconfig -->
  <testcase name="@BeforeSuite loadconfig" time="0.0" classname="Base.BaseTest2">
    <ignored/>
  </testcase> <!-- @BeforeSuite loadconfig -->
  <testcase name="@BeforeSuite loadconfig" time="0.0" classname="Base.BaseTest2">
    <ignored/>
  </testcase> <!-- @BeforeSuite loadconfig -->
  <testcase name="@BeforeSuite loadconfig" time="0.0" classname="Base.BaseTest2">
    <ignored/>
  </testcase> <!-- @BeforeSuite loadconfig -->
  <testcase name="@BeforeSuite loadconfig" time="0.0" classname="Base.BaseTest2">
    <ignored/>
  </testcase> <!-- @BeforeSuite loadconfig -->
  <testcase name="@BeforeSuite loadconfig" time="0.0" classname="Base.BaseTest2">
    <ignored/>
  </testcase> <!-- @BeforeSuite loadconfig -->
  <testcase name="@BeforeSuite loadconfig" time="0.0" classname="Base.BaseTest2">
    <ignored/>
  </testcase> <!-- @BeforeSuite loadconfig -->
  <testcase name="Verify_Listofportfolioskip" time="0.0" classname="testcases.ViewPortfolioListTest">
    <ignored/>
  </testcase> <!-- Verify_Listofportfolioskip -->
</testsuite> <!-- SanityTesting -->
