<?xml version="1.0" encoding="UTF-8"?>
<!-- Generated by org.testng.reporters.JUnitXMLReporter -->
<testsuite hostname="DESKTOP-8SUO2MV" ignored="23" name="SmokeTesting" tests="25" failures="0" timestamp="2023-08-23T14:03:57 IST" time="909.395" errors="0">
  <testcase name="verify_validateSearchBymultilingualService_Lanaguage" time="20.351" classname="testcases.TopSearchPageTest"/>
  <testcase name="verify_FindSoftwareMenuTest" time="6.798" classname="testcases.FindSoftwareCategoryPageTest"/>
  <testcase name="validate_SoftwarePageTitleTest" time="1.676" classname="testcases.FindSoftwareCategoryPageTest"/>
  <testcase name="verify_SORTBy_SoftwareTest" time="8.115" classname="testcases.FindSoftwareCategoryPageTest"/>
  <testcase name="verify_SoftwareCategory_PaginationTest" time="15.134" classname="testcases.FindSoftwareCategoryPageTest"/>
  <testcase name="verify_SoftwareRelatedCategoryTest" time="21.333" classname="testcases.FindSoftwareCategoryPageTest"/>
  <testcase name="verify_FindSoftwareByFilter" time="116.152" classname="testcases.FindSoftwareCategoryPageTest"/>
  <testcase name="verify_FilterByPopularFeaturescheck" time="6.225" classname="testcases.FindSoftwareCategoryPageTest"/>
  <testcase name="verify_FilterByPriceModelSelection" time="20.758" classname="testcases.FindSoftwareCategoryPageTest"/>
  <testcase name="verify_FilterByDevicesupportselection" time="25.108" classname="testcases.FindSoftwareCategoryPageTest"/>
  <testcase name="verify_FilterByDeploymentselection" time="30.634" classname="testcases.FindSoftwareCategoryPageTest"/>
  <testcase name="verify_FilterByTargetcompanysizeselection" time="26.156" classname="testcases.FindSoftwareCategoryPageTest"/>
  <testcase name="verify_FilterByExtra_selectCheckbox" time="5.592" classname="testcases.FindSoftwareCategoryPageTest"/>
  <testcase name="verify_copyrightTest" time="0.074" classname="testcases.VerifyFooterLinksclickTest"/>
  <testcase name="footerlinks_aboutTest" time="27.337" classname="testcases.VerifyFooterLinksclickTest"/>
  <testcase name="Verify_BrokenLinks" time="406.456" classname="testcases.BrokenLinksPageTest"/>
  <testcase name="verify_BlogPage" time="0.615" classname="testcases.BlogPageTest"/>
  <testcase name="verify_servicemenu" time="3.755" classname="testcases.ServiceMenuPageTest"/>
  <testcase name="verify_ValidloginTest" time="6.155" classname="testcases.LoginPageTest"/>
  <testcase name="Verify_goodfirmsImageTest" time="0.035" classname="testcases.LoginPageTest"/>
  <testcase name="verify_ValidSigninClickTest" time="0.773" classname="testcases.LoginPageTest"/>
  <testcase name="Verify_loginPageTitleTest" time="0.01" classname="testcases.LoginPageTest"/>
  <testcase name="verify_BlankCheckTest" time="7.494" classname="testcases.LoginPageTest"/>
  <testcase name="Verify_InvalidloginTest" time="7.909" classname="testcases.LoginPageTest"/>
  <testcase name="Verify_Listofportfolio" time="7.457" classname="testcases.ViewVendorPortfolioListTest"/>
  <testcase name="verify_searchIconPresent" time="0.0" classname="testcases.TopSearchPageTest">
    <ignored/>
  </testcase> <!-- verify_searchIconPresent -->
  <testcase name="verify_InsightReaserchTest" time="0.0" classname="testcases.TopSearchPageTest">
    <ignored/>
  </testcase> <!-- verify_InsightReaserchTest -->
  <testcase name="@BeforeSuite loadconfig" time="0.0" classname="Base.BaseTest2">
    <ignored/>
  </testcase> <!-- @BeforeSuite loadconfig -->
  <testcase name="@BeforeSuite loadconfig" time="0.0" classname="Base.BaseTest2">
    <ignored/>
  </testcase> <!-- @BeforeSuite loadconfig -->
  <testcase name="@BeforeSuite loadconfig" time="0.0" classname="Base.BaseTest2">
    <ignored/>
  </testcase> <!-- @BeforeSuite loadconfig -->
  <testcase name="@BeforeSuite loadconfig" time="0.0" classname="Base.BaseTest2">
    <ignored/>
  </testcase> <!-- @BeforeSuite loadconfig -->
  <testcase name="@BeforeSuite loadconfig" time="0.0" classname="Base.BaseTest2">
    <ignored/>
  </testcase> <!-- @BeforeSuite loadconfig -->
  <testcase name="@BeforeSuite loadconfig" time="0.0" classname="Base.BaseTest2">
    <ignored/>
  </testcase> <!-- @BeforeSuite loadconfig -->
  <testcase name="@BeforeSuite loadconfig" time="0.0" classname="Base.BaseTest2">
    <ignored/>
  </testcase> <!-- @BeforeSuite loadconfig -->
  <testcase name="verify_validateBlogSearchByViewAllResultTest" time="0.0" classname="testcases.TopSearchPageTest">
    <ignored/>
  </testcase> <!-- verify_validateBlogSearchByViewAllResultTest -->
  <testcase name="verify_BlankTopSearch" time="0.0" classname="testcases.TopSearchPageTest">
    <ignored/>
  </testcase> <!-- verify_BlankTopSearch -->
  <testcase name="verify_brokenlinks1" time="0.0" classname="testcases.BrokenLinksPageTest">
    <ignored/>
  </testcase> <!-- verify_brokenlinks1 -->
  <testcase name="verify_cursorEnabledinsearchbox" time="0.0" classname="testcases.TopSearchPageTest">
    <ignored/>
  </testcase> <!-- verify_cursorEnabledinsearchbox -->
  <testcase name="verify_NoResultFoundSerchPopup" time="0.0" classname="testcases.TopSearchPageTest">
    <ignored/>
  </testcase> <!-- verify_NoResultFoundSerchPopup -->
  <testcase name="verify_LoaderdisplaySearch" time="0.0" classname="testcases.TopSearchPageTest">
    <ignored/>
  </testcase> <!-- verify_LoaderdisplaySearch -->
  <testcase name="verify_NegativeTcs" time="0.0" classname="testcases.TopSearchPageTest">
    <ignored/>
  </testcase> <!-- verify_NegativeTcs -->
  <testcase name="verify_validateSearchBoxonTop" time="0.0" classname="testcases.TopSearchPageTest">
    <ignored/>
  </testcase> <!-- verify_validateSearchBoxonTop -->
  <testcase name="verify_validateBlogSearch" time="0.0" classname="testcases.TopSearchPageTest">
    <ignored/>
  </testcase> <!-- verify_validateBlogSearch -->
  <testcase name="verify_TopSearch" time="0.0" classname="testcases.TopSearchPageTest">
    <ignored/>
  </testcase> <!-- verify_TopSearch -->
  <testcase name="verify_valiateskipsearch" time="0.0" classname="testcases.TopSearchPageTest">
    <ignored/>
  </testcase> <!-- verify_valiateskipsearch -->
  <testcase name="verify_validateSuggessionSearch" time="0.0" classname="testcases.TopSearchPageTest">
    <ignored/>
  </testcase> <!-- verify_validateSuggessionSearch -->
  <testcase name="verify_InvalidTopSearch" time="0.0" classname="testcases.TopSearchPageTest">
    <ignored/>
  </testcase> <!-- verify_InvalidTopSearch -->
  <testcase name="Verify_Listofportfolioskip" time="0.0" classname="testcases.ViewVendorPortfolioListTest">
    <ignored/>
  </testcase> <!-- Verify_Listofportfolioskip -->
</testsuite> <!-- SmokeTesting -->
