<?xml version="1.0" encoding="UTF-8"?>
<testng-results skipped="0" failed="0" ignored="8" total="9" passed="1">
  <reporter-output>
  </reporter-output>
  <suite name="Default suite" duration-ms="12595" started-at="2023-08-23T15:42:40 IST" finished-at="2023-08-23T15:42:53 IST">
    <groups>
    </groups>
    <test name="Default test" duration-ms="12595" started-at="2023-08-23T15:42:40 IST" finished-at="2023-08-23T15:42:53 IST">
      <class name="testcases.TestingClass">
        <test-method status="PASS" signature="verify_google()[pri:1, instance:testcases.TestingClass@16e7dcfd]" name="verify_google" duration-ms="12552" started-at="2023-08-23T15:42:40 IST" finished-at="2023-08-23T15:42:53 IST">
          <reporter-output>
          </reporter-output>
        </test-method> <!-- verify_google -->
      </class> <!-- testcases.TestingClass -->
    </test> <!-- Default test -->
  </suite> <!-- Default suite -->
</testng-results>
